<?xml version="1.0" encoding="UTF-8"?>
<testng-results skipped="0" failed="0" ignored="0" total="1" passed="1">
  <reporter-output>
  </reporter-output>
  <suite name="Default suite" duration-ms="34676" started-at="2019-06-27T10:32:06Z" finished-at="2019-06-27T10:32:41Z">
    <groups>
    </groups>
    <test name="Default test" duration-ms="34676" started-at="2019-06-27T10:32:06Z" finished-at="2019-06-27T10:32:41Z">
      <class name="com.testcases.Login_test">
        <test-method status="PASS" signature="verify_login()[pri:0, instance:com.testcases.Login_test@2ef5e5e3]" name="verify_login" duration-ms="34581" started-at="2019-06-27T10:32:06Z" finished-at="2019-06-27T10:32:41Z">
          <reporter-output>
          </reporter-output>
        </test-method> <!-- verify_login -->
      </class> <!-- com.testcases.Login_test -->
    </test> <!-- Default test -->
  </suite> <!-- Default suite -->
</testng-results>
